#
# There is insufficient memory for the Java Runtime Environment to continue.
# Native memory allocation (malloc) failed to allocate 74448 bytes for Chunk::new
# Possible reasons:
#   The system is out of physical RAM or swap space
#   The process is running with CompressedOops enabled, and the Java Heap may be blocking the growth of the native heap
# Possible solutions:
#   Reduce memory load on the system
#   Increase physical memory or swap space
#   Check if swap backing store is full
#   Decrease Java heap size (-Xmx/-Xms)
#   Decrease number of Java threads
#   Decrease Java thread stack sizes (-Xss)
#   Set larger code cache with -XX:ReservedCodeCacheSize=
#   JVM is running with Unscaled Compressed Oops mode in which the Java heap is
#     placed in the first 4GB address space. The Java Heap base address is the
#     maximum limit for the native heap growth. Please use -XX:HeapBaseMinAddress
#     to set the Java Heap base and to place the Java Heap above 4GB virtual address.
# This output file may be truncated or incomplete.
#
#  Out of Memory Error (./open/src/hotspot/share/memory/arena.cpp:195), pid=14016, tid=20136
#
# JRE version: OpenJDK Runtime Environment (15.0.2+7) (build 15.0.2+7-27)
# Java VM: OpenJDK 64-Bit Server VM (15.0.2+7-27, mixed mode, tiered, compressed oops, g1 gc, windows-amd64)
# No core dump will be written. Minidumps are not enabled by default on client versions of Windows
#

---------------  S U M M A R Y ------------

Command Line: -Dmaven.home=EMBEDDED -Dclassworlds.conf=C:\Users\gudhe\projects\.metadata\.plugins\org.eclipse.m2e.launching\launches\m2conf9225157700379681734.tmp -Dmaven.multiModuleProjectDirectory=C:\Users\gudhe\git\WeatherAPI -Dfile.encoding=Cp1252 -XX:+ShowCodeDetailsInExceptionMessages org.codehaus.plexus.classworlds.launcher.Launcher -B spring-boot:run

Host: Intel(R) Core(TM) i5-8265U CPU @ 1.60GHz, 8 cores, 7G,  Windows 10 , 64 bit Build 22509 (10.0.22509.1000)
Time: Tue Dec 28 08:53:07 2021 India Standard Time elapsed time: 1.043877 seconds (0d 0h 0m 1s)

---------------  T H R E A D  ---------------

Current thread (0x000001787013b0e0):  JavaThread "C2 CompilerThread0" daemon [_thread_in_native, id=20136, stack(0x0000003daff00000,0x0000003db0000000)]


Current CompileTask:
C2:   1043  663       4       java.lang.String::substring (58 bytes)

Stack: [0x0000003daff00000,0x0000003db0000000]
Native frames: (J=compiled Java code, j=interpreted, Vv=VM code, C=native code)
V  [jvm.dll+0x62ae9a]
V  [jvm.dll+0x7817a9]
V  [jvm.dll+0x782f03]
V  [jvm.dll+0x783563]
V  [jvm.dll+0x216325]
V  [jvm.dll+0x97f3a]
V  [jvm.dll+0x9861c]
V  [jvm.dll+0x32e305]
V  [jvm.dll+0x2f768a]
V  [jvm.dll+0x2f6a4a]
V  [jvm.dll+0x1ea705]
V  [jvm.dll+0x1e996e]
V  [jvm.dll+0x178567]
V  [jvm.dll+0x1f9225]
V  [jvm.dll+0x1f72cc]
V  [jvm.dll+0x74495d]
V  [jvm.dll+0x73d75a]
V  [jvm.dll+0x629c56]
C  [ucrtbase.dll+0x293cc]
C  [KERNEL32.DLL+0x11350]
C  [ntdll.dll+0x5208b]


---------------  P R O C E S S  ---------------

Threads class SMR info:
_java_thread_list=0x00000178715516e0, length=12, elements={
0x0000017855e49a90, 0x0000017870125ad0, 0x0000017870966400, 0x0000017870135e70,
0x0000017870138840, 0x000001787013a300, 0x000001787013b0e0, 0x000001787013d700,
0x0000017870999b40, 0x0000017870b06120, 0x0000017870b06900, 0x0000017870fe3a60
}

Java Threads: ( => current thread )
  0x0000017855e49a90 JavaThread "main" [_thread_in_vm, id=9164, stack(0x0000003daf300000,0x0000003daf400000)]
  0x0000017870125ad0 JavaThread "Reference Handler" daemon [_thread_blocked, id=3328, stack(0x0000003dafa00000,0x0000003dafb00000)]
  0x0000017870966400 JavaThread "Finalizer" daemon [_thread_blocked, id=15768, stack(0x0000003dafb00000,0x0000003dafc00000)]
  0x0000017870135e70 JavaThread "Signal Dispatcher" daemon [_thread_blocked, id=19368, stack(0x0000003dafc00000,0x0000003dafd00000)]
  0x0000017870138840 JavaThread "Attach Listener" daemon [_thread_blocked, id=1416, stack(0x0000003dafd00000,0x0000003dafe00000)]
  0x000001787013a300 JavaThread "Service Thread" daemon [_thread_blocked, id=15096, stack(0x0000003dafe00000,0x0000003daff00000)]
=>0x000001787013b0e0 JavaThread "C2 CompilerThread0" daemon [_thread_in_native, id=20136, stack(0x0000003daff00000,0x0000003db0000000)]
  0x000001787013d700 JavaThread "C1 CompilerThread0" daemon [_thread_in_native, id=19276, stack(0x0000003db0000000,0x0000003db0100000)]
  0x0000017870999b40 JavaThread "Sweeper thread" daemon [_thread_blocked, id=11940, stack(0x0000003db0100000,0x0000003db0200000)]
  0x0000017870b06120 JavaThread "Notification Thread" daemon [_thread_blocked, id=18176, stack(0x0000003db0200000,0x0000003db0300000)]
  0x0000017870b06900 JavaThread "Common-Cleaner" daemon [_thread_blocked, id=11728, stack(0x0000003db0400000,0x0000003db0500000)]
  0x0000017870fe3a60 JavaThread "C2 CompilerThread1" daemon [_thread_in_native, id=17344, stack(0x0000003db0500000,0x0000003db0600000)]

Other Threads:
  0x00000178701225a0 VMThread "VM Thread" [stack: 0x0000003daf900000,0x0000003dafa00000] [id=6820]
  0x0000017870b065f0 WatcherThread [stack: 0x0000003db0300000,0x0000003db0400000] [id=18792]
  0x0000017855e8bc00 GCTaskThread "GC Thread#0" [stack: 0x0000003daf400000,0x0000003daf500000] [id=14316]
  0x0000017855e9cb50 ConcurrentGCThread "G1 Main Marker" [stack: 0x0000003daf500000,0x0000003daf600000] [id=8432]
  0x0000017855e9e0b0 ConcurrentGCThread "G1 Conc#0" [stack: 0x0000003daf600000,0x0000003daf700000] [id=19856]
  0x0000017855f18db0 ConcurrentGCThread "G1 Refine#0" [stack: 0x0000003daf700000,0x0000003daf800000] [id=9104]
  0x0000017855f199b0 ConcurrentGCThread "G1 Young RemSet Sampling" [stack: 0x0000003daf800000,0x0000003daf900000] [id=6112]

Threads with active compile tasks:
C2 CompilerThread0     1072  663       4       java.lang.String::substring (58 bytes)
C2 CompilerThread1     1072  764  s!   4       jdk.internal.loader.URLClassPath::getLoader (194 bytes)

VM state: not at safepoint (normal execution)

VM Mutex/Monitor currently owned by a thread: None

Heap address: 0x0000000081c00000, size: 2020 MB, Compressed Oops mode: 32-bit
CDS disabled.
Compressed class space mapped at: 0x0000000100000000-0x0000000140000000, size: 1073741824
Narrow klass base: 0x0000000000000000, Narrow klass shift: 3, Narrow klass range: 0x140000000

GC Precious Log:
 CPUs: 8 total, 8 available
 Memory: 8072M
 Large Page Support: Disabled
 NUMA Support: Disabled
 Compressed Oops: Enabled (32-bit)
 Heap Region Size: 1M
 Heap Min Capacity: 8M
 Heap Initial Capacity: 128M
 Heap Max Capacity: 2020M
 Pre-touch: Disabled
 Parallel Workers: 8
 Concurrent Workers: 2
 Concurrent Refinement Workers: 8
 Periodic GC: Disabled

Heap:
 garbage-first heap   total 131072K, used 9216K [0x0000000081c00000, 0x0000000100000000)
  region size 1024K, 11 young (11264K), 0 survivors (0K)
 Metaspace       used 11050K, capacity 11229K, committed 11392K, reserved 1081344K
  class space    used 984K, capacity 1059K, committed 1152K, reserved 1048576K

Heap Regions: E=young(eden), S=young(survivor), O=old, HS=humongous(starts), HC=humongous(continues), CS=collection set, F=free, OA=open archive, CA=closed archive, TAMS=top-at-mark-start (previous, next)
|   0|0x0000000081c00000, 0x0000000081c00000, 0x0000000081d00000|  0%| F|  |TAMS 0x0000000081c00000, 0x0000000081c00000| Untracked 
|   1|0x0000000081d00000, 0x0000000081d00000, 0x0000000081e00000|  0%| F|  |TAMS 0x0000000081d00000, 0x0000000081d00000| Untracked 
|   2|0x0000000081e00000, 0x0000000081e00000, 0x0000000081f00000|  0%| F|  |TAMS 0x0000000081e00000, 0x0000000081e00000| Untracked 
|   3|0x0000000081f00000, 0x0000000081f00000, 0x0000000082000000|  0%| F|  |TAMS 0x0000000081f00000, 0x0000000081f00000| Untracked 
|   4|0x0000000082000000, 0x0000000082000000, 0x0000000082100000|  0%| F|  |TAMS 0x0000000082000000, 0x0000000082000000| Untracked 
|   5|0x0000000082100000, 0x0000000082100000, 0x0000000082200000|  0%| F|  |TAMS 0x0000000082100000, 0x0000000082100000| Untracked 
|   6|0x0000000082200000, 0x0000000082200000, 0x0000000082300000|  0%| F|  |TAMS 0x0000000082200000, 0x0000000082200000| Untracked 
|   7|0x0000000082300000, 0x0000000082300000, 0x0000000082400000|  0%| F|  |TAMS 0x0000000082300000, 0x0000000082300000| Untracked 
|   8|0x0000000082400000, 0x0000000082400000, 0x0000000082500000|  0%| F|  |TAMS 0x0000000082400000, 0x0000000082400000| Untracked 
|   9|0x0000000082500000, 0x0000000082500000, 0x0000000082600000|  0%| F|  |TAMS 0x0000000082500000, 0x0000000082500000| Untracked 
|  10|0x0000000082600000, 0x0000000082600000, 0x0000000082700000|  0%| F|  |TAMS 0x0000000082600000, 0x0000000082600000| Untracked 
|  11|0x0000000082700000, 0x0000000082700000, 0x0000000082800000|  0%| F|  |TAMS 0x0000000082700000, 0x0000000082700000| Untracked 
|  12|0x0000000082800000, 0x0000000082800000, 0x0000000082900000|  0%| F|  |TAMS 0x0000000082800000, 0x0000000082800000| Untracked 
|  13|0x0000000082900000, 0x0000000082900000, 0x0000000082a00000|  0%| F|  |TAMS 0x0000000082900000, 0x0000000082900000| Untracked 
|  14|0x0000000082a00000, 0x0000000082a00000, 0x0000000082b00000|  0%| F|  |TAMS 0x0000000082a00000, 0x0000000082a00000| Untracked 
|  15|0x0000000082b00000, 0x0000000082b00000, 0x0000000082c00000|  0%| F|  |TAMS 0x0000000082b00000, 0x0000000082b00000| Untracked 
|  16|0x0000000082c00000, 0x0000000082c00000, 0x0000000082d00000|  0%| F|  |TAMS 0x0000000082c00000, 0x0000000082c00000| Untracked 
|  17|0x0000000082d00000, 0x0000000082d00000, 0x0000000082e00000|  0%| F|  |TAMS 0x0000000082d00000, 0x0000000082d00000| Untracked 
|  18|0x0000000082e00000, 0x0000000082e00000, 0x0000000082f00000|  0%| F|  |TAMS 0x0000000082e00000, 0x0000000082e00000| Untracked 
|  19|0x0000000082f00000, 0x0000000082f00000, 0x0000000083000000|  0%| F|  |TAMS 0x0000000082f00000, 0x0000000082f00000| Untracked 
|  20|0x0000000083000000, 0x0000000083000000, 0x0000000083100000|  0%| F|  |TAMS 0x0000000083000000, 0x0000000083000000| Untracked 
|  21|0x0000000083100000, 0x0000000083100000, 0x0000000083200000|  0%| F|  |TAMS 0x0000000083100000, 0x0000000083100000| Untracked 
|  22|0x0000000083200000, 0x0000000083200000, 0x0000000083300000|  0%| F|  |TAMS 0x0000000083200000, 0x0000000083200000| Untracked 
|  23|0x0000000083300000, 0x0000000083300000, 0x0000000083400000|  0%| F|  |TAMS 0x0000000083300000, 0x0000000083300000| Untracked 
|  24|0x0000000083400000, 0x0000000083400000, 0x0000000083500000|  0%| F|  |TAMS 0x0000000083400000, 0x0000000083400000| Untracked 
|  25|0x0000000083500000, 0x0000000083500000, 0x0000000083600000|  0%| F|  |TAMS 0x0000000083500000, 0x0000000083500000| Untracked 
|  26|0x0000000083600000, 0x0000000083600000, 0x0000000083700000|  0%| F|  |TAMS 0x0000000083600000, 0x0000000083600000| Untracked 
|  27|0x0000000083700000, 0x0000000083700000, 0x0000000083800000|  0%| F|  |TAMS 0x0000000083700000, 0x0000000083700000| Untracked 
|  28|0x0000000083800000, 0x0000000083800000, 0x0000000083900000|  0%| F|  |TAMS 0x0000000083800000, 0x0000000083800000| Untracked 
|  29|0x0000000083900000, 0x0000000083900000, 0x0000000083a00000|  0%| F|  |TAMS 0x0000000083900000, 0x0000000083900000| Untracked 
|  30|0x0000000083a00000, 0x0000000083a00000, 0x0000000083b00000|  0%| F|  |TAMS 0x0000000083a00000, 0x0000000083a00000| Untracked 
|  31|0x0000000083b00000, 0x0000000083b00000, 0x0000000083c00000|  0%| F|  |TAMS 0x0000000083b00000, 0x0000000083b00000| Untracked 
|  32|0x0000000083c00000, 0x0000000083c00000, 0x0000000083d00000|  0%| F|  |TAMS 0x0000000083c00000, 0x0000000083c00000| Untracked 
|  33|0x0000000083d00000, 0x0000000083d00000, 0x0000000083e00000|  0%| F|  |TAMS 0x0000000083d00000, 0x0000000083d00000| Untracked 
|  34|0x0000000083e00000, 0x0000000083e00000, 0x0000000083f00000|  0%| F|  |TAMS 0x0000000083e00000, 0x0000000083e00000| Untracked 
|  35|0x0000000083f00000, 0x0000000083f00000, 0x0000000084000000|  0%| F|  |TAMS 0x0000000083f00000, 0x0000000083f00000| Untracked 
|  36|0x0000000084000000, 0x0000000084000000, 0x0000000084100000|  0%| F|  |TAMS 0x0000000084000000, 0x0000000084000000| Untracked 
|  37|0x0000000084100000, 0x0000000084100000, 0x0000000084200000|  0%| F|  |TAMS 0x0000000084100000, 0x0000000084100000| Untracked 
|  38|0x0000000084200000, 0x0000000084200000, 0x0000000084300000|  0%| F|  |TAMS 0x0000000084200000, 0x0000000084200000| Untracked 
|  39|0x0000000084300000, 0x0000000084300000, 0x0000000084400000|  0%| F|  |TAMS 0x0000000084300000, 0x0000000084300000| Untracked 
|  40|0x0000000084400000, 0x0000000084400000, 0x0000000084500000|  0%| F|  |TAMS 0x0000000084400000, 0x0000000084400000| Untracked 
|  41|0x0000000084500000, 0x0000000084500000, 0x0000000084600000|  0%| F|  |TAMS 0x0000000084500000, 0x0000000084500000| Untracked 
|  42|0x0000000084600000, 0x0000000084600000, 0x0000000084700000|  0%| F|  |TAMS 0x0000000084600000, 0x0000000084600000| Untracked 
|  43|0x0000000084700000, 0x0000000084700000, 0x0000000084800000|  0%| F|  |TAMS 0x0000000084700000, 0x0000000084700000| Untracked 
|  44|0x0000000084800000, 0x0000000084800000, 0x0000000084900000|  0%| F|  |TAMS 0x0000000084800000, 0x0000000084800000| Untracked 
|  45|0x0000000084900000, 0x0000000084900000, 0x0000000084a00000|  0%| F|  |TAMS 0x0000000084900000, 0x0000000084900000| Untracked 
|  46|0x0000000084a00000, 0x0000000084a00000, 0x0000000084b00000|  0%| F|  |TAMS 0x0000000084a00000, 0x0000000084a00000| Untracked 
|  47|0x0000000084b00000, 0x0000000084b00000, 0x0000000084c00000|  0%| F|  |TAMS 0x0000000084b00000, 0x0000000084b00000| Untracked 
|  48|0x0000000084c00000, 0x0000000084c00000, 0x0000000084d00000|  0%| F|  |TAMS 0x0000000084c00000, 0x0000000084c00000| Untracked 
|  49|0x0000000084d00000, 0x0000000084d00000, 0x0000000084e00000|  0%| F|  |TAMS 0x0000000084d00000, 0x0000000084d00000| Untracked 
|  50|0x0000000084e00000, 0x0000000084e00000, 0x0000000084f00000|  0%| F|  |TAMS 0x0000000084e00000, 0x0000000084e00000| Untracked 
|  51|0x0000000084f00000, 0x0000000084f00000, 0x0000000085000000|  0%| F|  |TAMS 0x0000000084f00000, 0x0000000084f00000| Untracked 
|  52|0x0000000085000000, 0x0000000085000000, 0x0000000085100000|  0%| F|  |TAMS 0x0000000085000000, 0x0000000085000000| Untracked 
|  53|0x0000000085100000, 0x0000000085100000, 0x0000000085200000|  0%| F|  |TAMS 0x0000000085100000, 0x0000000085100000| Untracked 
|  54|0x0000000085200000, 0x0000000085200000, 0x0000000085300000|  0%| F|  |TAMS 0x0000000085200000, 0x0000000085200000| Untracked 
|  55|0x0000000085300000, 0x0000000085300000, 0x0000000085400000|  0%| F|  |TAMS 0x0000000085300000, 0x0000000085300000| Untracked 
|  56|0x0000000085400000, 0x0000000085400000, 0x0000000085500000|  0%| F|  |TAMS 0x0000000085400000, 0x0000000085400000| Untracked 
|  57|0x0000000085500000, 0x0000000085500000, 0x0000000085600000|  0%| F|  |TAMS 0x0000000085500000, 0x0000000085500000| Untracked 
|  58|0x0000000085600000, 0x0000000085600000, 0x0000000085700000|  0%| F|  |TAMS 0x0000000085600000, 0x0000000085600000| Untracked 
|  59|0x0000000085700000, 0x0000000085700000, 0x0000000085800000|  0%| F|  |TAMS 0x0000000085700000, 0x0000000085700000| Untracked 
|  60|0x0000000085800000, 0x0000000085800000, 0x0000000085900000|  0%| F|  |TAMS 0x0000000085800000, 0x0000000085800000| Untracked 
|  61|0x0000000085900000, 0x0000000085900000, 0x0000000085a00000|  0%| F|  |TAMS 0x0000000085900000, 0x0000000085900000| Untracked 
|  62|0x0000000085a00000, 0x0000000085a00000, 0x0000000085b00000|  0%| F|  |TAMS 0x0000000085a00000, 0x0000000085a00000| Untracked 
|  63|0x0000000085b00000, 0x0000000085b00000, 0x0000000085c00000|  0%| F|  |TAMS 0x0000000085b00000, 0x0000000085b00000| Untracked 
|  64|0x0000000085c00000, 0x0000000085c00000, 0x0000000085d00000|  0%| F|  |TAMS 0x0000000085c00000, 0x0000000085c00000| Untracked 
|  65|0x0000000085d00000, 0x0000000085d00000, 0x0000000085e00000|  0%| F|  |TAMS 0x0000000085d00000, 0x0000000085d00000| Untracked 
|  66|0x0000000085e00000, 0x0000000085e00000, 0x0000000085f00000|  0%| F|  |TAMS 0x0000000085e00000, 0x0000000085e00000| Untracked 
|  67|0x0000000085f00000, 0x0000000085f00000, 0x0000000086000000|  0%| F|  |TAMS 0x0000000085f00000, 0x0000000085f00000| Untracked 
|  68|0x0000000086000000, 0x0000000086000000, 0x0000000086100000|  0%| F|  |TAMS 0x0000000086000000, 0x0000000086000000| Untracked 
|  69|0x0000000086100000, 0x0000000086100000, 0x0000000086200000|  0%| F|  |TAMS 0x0000000086100000, 0x0000000086100000| Untracked 
|  70|0x0000000086200000, 0x0000000086200000, 0x0000000086300000|  0%| F|  |TAMS 0x0000000086200000, 0x0000000086200000| Untracked 
|  71|0x0000000086300000, 0x0000000086300000, 0x0000000086400000|  0%| F|  |TAMS 0x0000000086300000, 0x0000000086300000| Untracked 
|  72|0x0000000086400000, 0x0000000086400000, 0x0000000086500000|  0%| F|  |TAMS 0x0000000086400000, 0x0000000086400000| Untracked 
|  73|0x0000000086500000, 0x0000000086500000, 0x0000000086600000|  0%| F|  |TAMS 0x0000000086500000, 0x0000000086500000| Untracked 
|  74|0x0000000086600000, 0x0000000086600000, 0x0000000086700000|  0%| F|  |TAMS 0x0000000086600000, 0x0000000086600000| Untracked 
|  75|0x0000000086700000, 0x0000000086700000, 0x0000000086800000|  0%| F|  |TAMS 0x0000000086700000, 0x0000000086700000| Untracked 
|  76|0x0000000086800000, 0x0000000086800000, 0x0000000086900000|  0%| F|  |TAMS 0x0000000086800000, 0x0000000086800000| Untracked 
|  77|0x0000000086900000, 0x0000000086900000, 0x0000000086a00000|  0%| F|  |TAMS 0x0000000086900000, 0x0000000086900000| Untracked 
|  78|0x0000000086a00000, 0x0000000086a00000, 0x0000000086b00000|  0%| F|  |TAMS 0x0000000086a00000, 0x0000000086a00000| Untracked 
|  79|0x0000000086b00000, 0x0000000086b00000, 0x0000000086c00000|  0%| F|  |TAMS 0x0000000086b00000, 0x0000000086b00000| Untracked 
|  80|0x0000000086c00000, 0x0000000086c00000, 0x0000000086d00000|  0%| F|  |TAMS 0x0000000086c00000, 0x0000000086c00000| Untracked 
|  81|0x0000000086d00000, 0x0000000086d00000, 0x0000000086e00000|  0%| F|  |TAMS 0x0000000086d00000, 0x0000000086d00000| Untracked 
|  82|0x0000000086e00000, 0x0000000086e00000, 0x0000000086f00000|  0%| F|  |TAMS 0x0000000086e00000, 0x0000000086e00000| Untracked 
|  83|0x0000000086f00000, 0x0000000086f00000, 0x0000000087000000|  0%| F|  |TAMS 0x0000000086f00000, 0x0000000086f00000| Untracked 
|  84|0x0000000087000000, 0x0000000087000000, 0x0000000087100000|  0%| F|  |TAMS 0x0000000087000000, 0x0000000087000000| Untracked 
|  85|0x0000000087100000, 0x0000000087100000, 0x0000000087200000|  0%| F|  |TAMS 0x0000000087100000, 0x0000000087100000| Untracked 
|  86|0x0000000087200000, 0x0000000087200000, 0x0000000087300000|  0%| F|  |TAMS 0x0000000087200000, 0x0000000087200000| Untracked 
|  87|0x0000000087300000, 0x0000000087300000, 0x0000000087400000|  0%| F|  |TAMS 0x0000000087300000, 0x0000000087300000| Untracked 
|  88|0x0000000087400000, 0x0000000087400000, 0x0000000087500000|  0%| F|  |TAMS 0x0000000087400000, 0x0000000087400000| Untracked 
|  89|0x0000000087500000, 0x0000000087500000, 0x0000000087600000|  0%| F|  |TAMS 0x0000000087500000, 0x0000000087500000| Untracked 
|  90|0x0000000087600000, 0x0000000087600000, 0x0000000087700000|  0%| F|  |TAMS 0x0000000087600000, 0x0000000087600000| Untracked 
|  91|0x0000000087700000, 0x0000000087700000, 0x0000000087800000|  0%| F|  |TAMS 0x0000000087700000, 0x0000000087700000| Untracked 
|  92|0x0000000087800000, 0x0000000087800000, 0x0000000087900000|  0%| F|  |TAMS 0x0000000087800000, 0x0000000087800000| Untracked 
|  93|0x0000000087900000, 0x0000000087900000, 0x0000000087a00000|  0%| F|  |TAMS 0x0000000087900000, 0x0000000087900000| Untracked 
|  94|0x0000000087a00000, 0x0000000087a00000, 0x0000000087b00000|  0%| F|  |TAMS 0x0000000087a00000, 0x0000000087a00000| Untracked 
|  95|0x0000000087b00000, 0x0000000087b00000, 0x0000000087c00000|  0%| F|  |TAMS 0x0000000087b00000, 0x0000000087b00000| Untracked 
|  96|0x0000000087c00000, 0x0000000087c00000, 0x0000000087d00000|  0%| F|  |TAMS 0x0000000087c00000, 0x0000000087c00000| Untracked 
|  97|0x0000000087d00000, 0x0000000087d00000, 0x0000000087e00000|  0%| F|  |TAMS 0x0000000087d00000, 0x0000000087d00000| Untracked 
|  98|0x0000000087e00000, 0x0000000087e00000, 0x0000000087f00000|  0%| F|  |TAMS 0x0000000087e00000, 0x0000000087e00000| Untracked 
|  99|0x0000000087f00000, 0x0000000087f00000, 0x0000000088000000|  0%| F|  |TAMS 0x0000000087f00000, 0x0000000087f00000| Untracked 
| 100|0x0000000088000000, 0x0000000088000000, 0x0000000088100000|  0%| F|  |TAMS 0x0000000088000000, 0x0000000088000000| Untracked 
| 101|0x0000000088100000, 0x0000000088100000, 0x0000000088200000|  0%| F|  |TAMS 0x0000000088100000, 0x0000000088100000| Untracked 
| 102|0x0000000088200000, 0x0000000088200000, 0x0000000088300000|  0%| F|  |TAMS 0x0000000088200000, 0x0000000088200000| Untracked 
| 103|0x0000000088300000, 0x0000000088300000, 0x0000000088400000|  0%| F|  |TAMS 0x0000000088300000, 0x0000000088300000| Untracked 
| 104|0x0000000088400000, 0x0000000088400000, 0x0000000088500000|  0%| F|  |TAMS 0x0000000088400000, 0x0000000088400000| Untracked 
| 105|0x0000000088500000, 0x0000000088500000, 0x0000000088600000|  0%| F|  |TAMS 0x0000000088500000, 0x0000000088500000| Untracked 
| 106|0x0000000088600000, 0x0000000088600000, 0x0000000088700000|  0%| F|  |TAMS 0x0000000088600000, 0x0000000088600000| Untracked 
| 107|0x0000000088700000, 0x0000000088700000, 0x0000000088800000|  0%| F|  |TAMS 0x0000000088700000, 0x0000000088700000| Untracked 
| 108|0x0000000088800000, 0x0000000088800000, 0x0000000088900000|  0%| F|  |TAMS 0x0000000088800000, 0x0000000088800000| Untracked 
| 109|0x0000000088900000, 0x0000000088900000, 0x0000000088a00000|  0%| F|  |TAMS 0x0000000088900000, 0x0000000088900000| Untracked 
| 110|0x0000000088a00000, 0x0000000088a00000, 0x0000000088b00000|  0%| F|  |TAMS 0x0000000088a00000, 0x0000000088a00000| Untracked 
| 111|0x0000000088b00000, 0x0000000088b00000, 0x0000000088c00000|  0%| F|  |TAMS 0x0000000088b00000, 0x0000000088b00000| Untracked 
| 112|0x0000000088c00000, 0x0000000088c00000, 0x0000000088d00000|  0%| F|  |TAMS 0x0000000088c00000, 0x0000000088c00000| Untracked 
| 113|0x0000000088d00000, 0x0000000088d00000, 0x0000000088e00000|  0%| F|  |TAMS 0x0000000088d00000, 0x0000000088d00000| Untracked 
| 114|0x0000000088e00000, 0x0000000088e00000, 0x0000000088f00000|  0%| F|  |TAMS 0x0000000088e00000, 0x0000000088e00000| Untracked 
| 115|0x0000000088f00000, 0x0000000088f00000, 0x0000000089000000|  0%| F|  |TAMS 0x0000000088f00000, 0x0000000088f00000| Untracked 
| 116|0x0000000089000000, 0x0000000089000000, 0x0000000089100000|  0%| F|  |TAMS 0x0000000089000000, 0x0000000089000000| Untracked 
| 117|0x0000000089100000, 0x0000000089176440, 0x0000000089200000| 46%| E|  |TAMS 0x0000000089100000, 0x0000000089100000| Complete 
| 118|0x0000000089200000, 0x0000000089300000, 0x0000000089300000|100%| E|CS|TAMS 0x0000000089200000, 0x0000000089200000| Complete 
| 119|0x0000000089300000, 0x0000000089400000, 0x0000000089400000|100%| E|CS|TAMS 0x0000000089300000, 0x0000000089300000| Complete 
| 120|0x0000000089400000, 0x0000000089500000, 0x0000000089500000|100%| E|CS|TAMS 0x0000000089400000, 0x0000000089400000| Complete 
| 121|0x0000000089500000, 0x0000000089600000, 0x0000000089600000|100%| E|CS|TAMS 0x0000000089500000, 0x0000000089500000| Complete 
| 122|0x0000000089600000, 0x0000000089700000, 0x0000000089700000|100%| E|CS|TAMS 0x0000000089600000, 0x0000000089600000| Complete 
| 123|0x0000000089700000, 0x0000000089800000, 0x0000000089800000|100%| E|CS|TAMS 0x0000000089700000, 0x0000000089700000| Complete 
| 124|0x0000000089800000, 0x0000000089900000, 0x0000000089900000|100%| E|CS|TAMS 0x0000000089800000, 0x0000000089800000| Complete 
| 125|0x0000000089900000, 0x0000000089a00000, 0x0000000089a00000|100%| E|CS|TAMS 0x0000000089900000, 0x0000000089900000| Complete 
| 126|0x0000000089a00000, 0x0000000089b00000, 0x0000000089b00000|100%| E|  |TAMS 0x0000000089a00000, 0x0000000089a00000| Complete 
| 127|0x0000000089b00000, 0x0000000089c00000, 0x0000000089c00000|100%| E|CS|TAMS 0x0000000089b00000, 0x0000000089b00000| Complete 

Card table byte_map: [0x0000017868f90000,0x0000017869390000] _byte_map_base: 0x0000017868b82000

Marking Bits (Prev, Next): (CMBitMap*) 0x0000017855e8c470, (CMBitMap*) 0x0000017855e8c4b0
 Prev Bits: [0x0000017869790000, 0x000001786b720000)
 Next Bits: [0x000001786b720000, 0x000001786d6b0000)

Polling page: 0x0000017853dd0000

Metaspace:

Usage:
  Non-class:      9.93 MB capacity,     9.83 MB ( 99%) used,    96.62 KB ( <1%) free+waste,     7.69 KB ( <1%) overhead. 
      Class:      1.03 MB capacity,   984.70 KB ( 93%) used,    71.62 KB (  7%) free+waste,     2.69 KB ( <1%) overhead. 
       Both:     10.97 MB capacity,    10.79 MB ( 98%) used,   168.24 KB (  1%) free+waste,    10.38 KB ( <1%) overhead. 

Virtual space:
  Non-class space:       32.00 MB reserved,      10.00 MB ( 31%) committed 
      Class space:        1.00 GB reserved,       1.12 MB ( <1%) committed 
             Both:        1.03 GB reserved,      11.12 MB (  1%) committed 

Chunk freelists:
   Non-Class:  6.00 KB
       Class:  29.00 KB
        Both:  35.00 KB

MaxMetaspaceSize: 17179869184.00 GB
CompressedClassSpaceSize: 1.00 GB

CodeHeap 'non-profiled nmethods': size=120000Kb used=218Kb max_used=218Kb free=119781Kb
 bounds [0x0000017861330000, 0x00000178615a0000, 0x0000017868860000]
CodeHeap 'profiled nmethods': size=120000Kb used=1369Kb max_used=1369Kb free=118630Kb
 bounds [0x0000017859e00000, 0x000001785a070000, 0x0000017861330000]
CodeHeap 'non-nmethods': size=5760Kb used=1153Kb max_used=1171Kb free=4606Kb
 bounds [0x0000017859860000, 0x0000017859ad0000, 0x0000017859e00000]
 total_blobs=1191 nmethods=784 adapters=320
 compilation: enabled
              stopped_count=0, restarted_count=0
 full_count=0

Compilation events (20 events):
Event: 1.015 Thread 0x000001787013d700 nmethod 695 0x0000017859f22710 code [0x0000017859f229e0, 0x0000017859f23c28]
Event: 1.015 Thread 0x000001787013d700  694       3       sun.util.locale.InternalLocaleBuilder::clearExtensions (50 bytes)
Event: 1.015 Thread 0x000001787013d700 nmethod 694 0x0000017859f24390 code [0x0000017859f24560, 0x0000017859f24968]
Event: 1.015 Thread 0x000001787013d700  696       3       sun.util.locale.LocaleUtils::isEmpty (19 bytes)
Event: 1.015 Thread 0x000001787013d700 nmethod 696 0x0000017859f24a90 code [0x0000017859f24c40, 0x0000017859f24e68]
Event: 1.015 Thread 0x000001787013d700  690       3       sun.util.locale.BaseLocale::<init> (76 bytes)
Event: 1.015 Thread 0x000001787013d700 nmethod 690 0x0000017859f24f10 code [0x0000017859f25140, 0x0000017859f25768]
Event: 1.015 Thread 0x000001787013d700  691       3       sun.util.locale.LocaleObjectCache::get (126 bytes)
Event: 1.016 Thread 0x000001787013d700 nmethod 691 0x0000017859f25990 code [0x0000017859f25c60, 0x0000017859f26f48]
Event: 1.016 Thread 0x000001787013d700  693       3       sun.util.locale.LocaleObjectCache::cleanStaleEntries (34 bytes)
Event: 1.016 Thread 0x000001787013d700 nmethod 693 0x0000017859f27490 code [0x0000017859f27680, 0x0000017859f27c58]
Event: 1.016 Thread 0x000001787013d700  697       3       sun.util.locale.BaseLocale$Key::<init> (76 bytes)
Event: 1.016 Thread 0x000001787013d700 nmethod 697 0x0000017859f27e90 code [0x0000017859f28080, 0x0000017859f28738]
Event: 1.016 Thread 0x000001787013d700  699       3       sun.util.locale.BaseLocale$Key::normalize (67 bytes)
Event: 1.016 Thread 0x000001787013d700 nmethod 699 0x0000017859f28990 code [0x0000017859f28b40, 0x0000017859f28da8]
Event: 1.016 Thread 0x000001787013d700  698       3       java.lang.ref.SoftReference::<init> (14 bytes)
Event: 1.017 Thread 0x000001787013d700 nmethod 698 0x0000017859f28e90 code [0x0000017859f29040, 0x0000017859f29318]
Event: 1.017 Thread 0x000001787013d700  700       3       sun.util.locale.LocaleObjectCache$CacheEntry::<init> (12 bytes)
Event: 1.017 Thread 0x000001787013d700 nmethod 700 0x0000017859f29410 code [0x0000017859f295c0, 0x0000017859f29958]
Event: 1.017 Thread 0x000001787013d700  704       3       sun.util.locale.LocaleUtils::toTitleString (139 bytes)

GC Heap History (0 events):
No events

Deoptimization events (20 events):
Event: 0.173 Thread 0x0000017855e49a90 Uncommon trap: trap_request=0xffffff45 fr.pc=0x0000017861333f2c relative=0x000000000000020c
Event: 0.173 Thread 0x0000017855e49a90 Uncommon trap: reason=unstable_if action=reinterpret pc=0x0000017861333f2c method=java.lang.String.hashCode()I @ 42 c2
Event: 0.173 Thread 0x0000017855e49a90 DEOPT PACKING pc=0x0000017861333f2c sp=0x0000003daf3fdad0
Event: 0.173 Thread 0x0000017855e49a90 DEOPT UNPACKING pc=0x00000178598ae42f sp=0x0000003daf3fda68 mode 2
Event: 0.285 Thread 0x0000017855e49a90 DEOPT PACKING pc=0x0000017859e2b966 sp=0x0000003daf3fe580
Event: 0.285 Thread 0x0000017855e49a90 DEOPT UNPACKING pc=0x00000178598ae23f sp=0x0000003daf3fda20 mode 0
Event: 0.288 Thread 0x0000017855e49a90 DEOPT PACKING pc=0x0000017859e2b966 sp=0x0000003daf3fe580
Event: 0.288 Thread 0x0000017855e49a90 DEOPT UNPACKING pc=0x00000178598ae23f sp=0x0000003daf3fda20 mode 0
Event: 0.553 Thread 0x0000017855e49a90 Uncommon trap: trap_request=0xffffff45 fr.pc=0x000001786133b060 relative=0x0000000000000060
Event: 0.553 Thread 0x0000017855e49a90 Uncommon trap: reason=unstable_if action=reinterpret pc=0x000001786133b060 method=java.io.WinNTFileSystem.isSlash(C)Z @ 9 c2
Event: 0.553 Thread 0x0000017855e49a90 DEOPT PACKING pc=0x000001786133b060 sp=0x0000003daf3fc670
Event: 0.553 Thread 0x0000017855e49a90 DEOPT UNPACKING pc=0x00000178598ae42f sp=0x0000003daf3fc5f8 mode 2
Event: 0.658 Thread 0x0000017855e49a90 Uncommon trap: trap_request=0xffffff45 fr.pc=0x00000178613489e0 relative=0x0000000000000060
Event: 0.658 Thread 0x0000017855e49a90 Uncommon trap: reason=unstable_if action=reinterpret pc=0x00000178613489e0 method=java.nio.Buffer.hasRemaining()Z @ 8 c2
Event: 0.658 Thread 0x0000017855e49a90 DEOPT PACKING pc=0x00000178613489e0 sp=0x0000003daf3fc4c0
Event: 0.658 Thread 0x0000017855e49a90 DEOPT UNPACKING pc=0x00000178598ae42f sp=0x0000003daf3fc458 mode 2
Event: 0.820 Thread 0x0000017855e49a90 DEOPT PACKING pc=0x0000017859e276df sp=0x0000003daf3fd340
Event: 0.820 Thread 0x0000017855e49a90 DEOPT UNPACKING pc=0x00000178598ae23f sp=0x0000003daf3fc7b8 mode 0
Event: 0.952 Thread 0x0000017855e49a90 DEOPT PACKING pc=0x0000017859e3697b sp=0x0000003daf3fe540
Event: 0.952 Thread 0x0000017855e49a90 DEOPT UNPACKING pc=0x00000178598ae23f sp=0x0000003daf3fd9b0 mode 0

Classes unloaded (0 events):
No events

Classes redefined (0 events):
No events

Internal exceptions (6 events):
Event: 0.546 Thread 0x0000017855e49a90 Exception <a 'java/lang/VerifyError'{0x0000000089890e58}: Could not link verifier> (0x0000000089890e58) 
thrown [./open/src/hotspot/share/classfile/verifier.cpp, line 254]
Event: 0.600 Thread 0x0000017855e49a90 Exception <a 'java/lang/NoSuchMethodError'{0x00000000898ec610}: 'void java.lang.invoke.DirectMethodHandle$Holder.invokeStatic(java.lang.Object, java.lang.Object)'> (0x00000000898ec610) 
thrown [./open/src/hotspot/share/interpreter/linkResolver.cpp, line 782]
Event: 0.601 Thread 0x0000017855e49a90 Exception <a 'java/lang/NoSuchMethodError'{0x00000000898f0628}: 'void java.lang.invoke.DirectMethodHandle$Holder.invokeStaticInit(java.lang.Object, java.lang.Object)'> (0x00000000898f0628) 
thrown [./open/src/hotspot/share/interpreter/linkResolver.cpp, line 782]
Event: 0.606 Thread 0x0000017855e49a90 Exception <a 'java/lang/NoSuchMethodError'{0x00000000897178c0}: 'java.lang.Object java.lang.invoke.DirectMethodHandle$Holder.invokeStatic(java.lang.Object)'> (0x00000000897178c0) 
thrown [./open/src/hotspot/share/interpreter/linkResolver.cpp, line 782]
Event: 0.608 Thread 0x0000017855e49a90 Exception <a 'java/lang/NoSuchMethodError'{0x0000000089721c28}: 'java.lang.Object java.lang.invoke.DirectMethodHandle$Holder.invokeStaticInit(java.lang.Object, int, int, int, int)'> (0x0000000089721c28) 
thrown [./open/src/hotspot/share/interpreter/linkResolver.cpp, line 782]
Event: 0.653 Thread 0x0000017855e49a90 Exception <a 'java/lang/NoSuchMethodError'{0x000000008976aa50}: 'java.lang.Object java.lang.invoke.DirectMethodHandle$Holder.invokeStaticInit(java.lang.Object, java.lang.Object, int, int, int, int)'> (0x000000008976aa50) 
thrown [./open/src/hotspot/share/interpreter/linkResolver.cpp, line 782]

Events (20 events):
Event: 1.006 loading class java/util/spi/TimeZoneNameProvider
Event: 1.006 loading class java/util/spi/TimeZoneNameProvider done
Event: 1.006 loading class sun/util/locale/provider/CalendarDataUtility$CalendarWeekParameterGetter
Event: 1.006 loading class sun/util/locale/provider/LocaleServiceProviderPool$LocalizedObjectGetter
Event: 1.006 loading class sun/util/locale/provider/LocaleServiceProviderPool$LocalizedObjectGetter done
Event: 1.006 loading class sun/util/locale/provider/CalendarDataUtility$CalendarWeekParameterGetter done
Event: 1.006 loading class java/util/ResourceBundle$Control
Event: 1.006 loading class java/util/ResourceBundle$Control done
Event: 1.006 loading class java/util/ResourceBundle
Event: 1.007 loading class java/util/ResourceBundle done
Event: 1.007 loading class java/util/ResourceBundle$Control$CandidateListCache
Event: 1.007 loading class java/util/ResourceBundle$Control$CandidateListCache done
Event: 1.007 loading class java/util/ResourceBundle$NoFallbackControl
Event: 1.007 loading class java/util/ResourceBundle$SingleFormatControl
Event: 1.007 loading class java/util/ResourceBundle$SingleFormatControl done
Event: 1.007 loading class java/util/ResourceBundle$NoFallbackControl done
Event: 1.007 loading class sun/util/cldr/CLDRCalendarDataProviderImpl
Event: 1.007 loading class sun/util/locale/provider/CalendarDataProviderImpl
Event: 1.007 loading class sun/util/locale/provider/CalendarDataProviderImpl done
Event: 1.007 loading class sun/util/cldr/CLDRCalendarDataProviderImpl done


Dynamic libraries:
0x00007ff78c310000 - 0x00007ff78c31d000 	C:\Users\gudhe\.p2\pool\plugins\org.eclipse.justj.openjdk.hotspot.jre.full.win32.x86_64_15.0.2.v20210201-0955\jre\bin\javaw.exe
0x00007ff9d4e20000 - 0x00007ff9d502f000 	C:\WINDOWS\SYSTEM32\ntdll.dll
0x00007ff9d37d0000 - 0x00007ff9d388e000 	C:\WINDOWS\System32\KERNEL32.DLL
0x00007ff9d22d0000 - 0x00007ff9d265c000 	C:\WINDOWS\System32\KERNELBASE.dll
0x00007ff9d2b50000 - 0x00007ff9d2c61000 	C:\WINDOWS\System32\ucrtbase.dll
0x00007ff9b7d10000 - 0x00007ff9b7d28000 	C:\Users\gudhe\.p2\pool\plugins\org.eclipse.justj.openjdk.hotspot.jre.full.win32.x86_64_15.0.2.v20210201-0955\jre\bin\jli.dll
0x00007ff9d2df0000 - 0x00007ff9d2f96000 	C:\WINDOWS\System32\USER32.dll
0x00007ff9d2b20000 - 0x00007ff9d2b46000 	C:\WINDOWS\System32\win32u.dll
0x00007ff9d3d00000 - 0x00007ff9d3d29000 	C:\WINDOWS\System32\GDI32.dll
0x00007ff9d2660000 - 0x00007ff9d2777000 	C:\WINDOWS\System32\gdi32full.dll
0x00007ff9d28e0000 - 0x00007ff9d297a000 	C:\WINDOWS\System32\msvcp_win.dll
0x00007ff9b7cf0000 - 0x00007ff9b7d09000 	C:\Users\gudhe\.p2\pool\plugins\org.eclipse.justj.openjdk.hotspot.jre.full.win32.x86_64_15.0.2.v20210201-0955\jre\bin\VCRUNTIME140.dll
0x00007ff9b65d0000 - 0x00007ff9b6871000 	C:\WINDOWS\WinSxS\amd64_microsoft.windows.common-controls_6595b64144ccf1df_6.0.22509.1000_none_29b70e2e3eb1b74f\COMCTL32.dll
0x00007ff9d46d0000 - 0x00007ff9d4774000 	C:\WINDOWS\System32\msvcrt.dll
0x00007ff9d4da0000 - 0x00007ff9d4dd1000 	C:\WINDOWS\System32\IMM32.DLL
0x00007ff9c99c0000 - 0x00007ff9c99cc000 	C:\Users\gudhe\.p2\pool\plugins\org.eclipse.justj.openjdk.hotspot.jre.full.win32.x86_64_15.0.2.v20210201-0955\jre\bin\vcruntime140_1.dll
0x00007ff989b40000 - 0x00007ff989bd1000 	C:\Users\gudhe\.p2\pool\plugins\org.eclipse.justj.openjdk.hotspot.jre.full.win32.x86_64_15.0.2.v20210201-0955\jre\bin\msvcp140.dll
0x00007ff97a150000 - 0x00007ff97acae000 	C:\Users\gudhe\.p2\pool\plugins\org.eclipse.justj.openjdk.hotspot.jre.full.win32.x86_64_15.0.2.v20210201-0955\jre\bin\server\jvm.dll
0x00007ff9d4620000 - 0x00007ff9d46ce000 	C:\WINDOWS\System32\ADVAPI32.dll
0x00007ff9d3f90000 - 0x00007ff9d4031000 	C:\WINDOWS\System32\sechost.dll
0x00007ff9d4900000 - 0x00007ff9d4a1f000 	C:\WINDOWS\System32\RPCRT4.dll
0x00007ff9d3890000 - 0x00007ff9d3898000 	C:\WINDOWS\System32\PSAPI.DLL
0x00007ff9c0350000 - 0x00007ff9c035a000 	C:\WINDOWS\SYSTEM32\VERSION.dll
0x00007ff9b7e70000 - 0x00007ff9b7ea4000 	C:\WINDOWS\SYSTEM32\WINMM.dll
0x00007ff9c9ab0000 - 0x00007ff9c9ab9000 	C:\WINDOWS\SYSTEM32\WSOCK32.dll
0x00007ff9d3a60000 - 0x00007ff9d3ad1000 	C:\WINDOWS\System32\WS2_32.dll
0x00007ff9d1390000 - 0x00007ff9d13a8000 	C:\WINDOWS\SYSTEM32\kernel.appcore.dll
0x00007ff9c9aa0000 - 0x00007ff9c9aaa000 	C:\Users\gudhe\.p2\pool\plugins\org.eclipse.justj.openjdk.hotspot.jre.full.win32.x86_64_15.0.2.v20210201-0955\jre\bin\jimage.dll
0x00007ff9cfef0000 - 0x00007ff9d0116000 	C:\WINDOWS\SYSTEM32\DBGHELP.DLL
0x00007ff9d4a20000 - 0x00007ff9d4d98000 	C:\WINDOWS\System32\combase.dll
0x00007ff9bb920000 - 0x00007ff9bb951000 	C:\WINDOWS\SYSTEM32\dbgcore.DLL
0x00007ff9d29e0000 - 0x00007ff9d2a60000 	C:\WINDOWS\System32\bcryptPrimitives.dll
0x00007ff9c7600000 - 0x00007ff9c7625000 	C:\Users\gudhe\.p2\pool\plugins\org.eclipse.justj.openjdk.hotspot.jre.full.win32.x86_64_15.0.2.v20210201-0955\jre\bin\java.dll
0x00007ff9c9130000 - 0x00007ff9c9148000 	C:\Users\gudhe\.p2\pool\plugins\org.eclipse.justj.openjdk.hotspot.jre.full.win32.x86_64_15.0.2.v20210201-0955\jre\bin\zip.dll
0x00007ff9d3010000 - 0x00007ff9d37c5000 	C:\WINDOWS\System32\SHELL32.dll
0x00007ff9d03e0000 - 0x00007ff9d0c3e000 	C:\WINDOWS\SYSTEM32\windows.storage.dll
0x00007ff9d02a0000 - 0x00007ff9d03dc000 	C:\WINDOWS\SYSTEM32\wintypes.dll
0x00007ff9d3e20000 - 0x00007ff9d3f11000 	C:\WINDOWS\System32\SHCORE.dll
0x00007ff9d4780000 - 0x00007ff9d47db000 	C:\WINDOWS\System32\shlwapi.dll
0x00007ff9d2200000 - 0x00007ff9d2221000 	C:\WINDOWS\SYSTEM32\profapi.dll
0x00007ff9c75e0000 - 0x00007ff9c75f9000 	C:\Users\gudhe\.p2\pool\plugins\org.eclipse.justj.openjdk.hotspot.jre.full.win32.x86_64_15.0.2.v20210201-0955\jre\bin\net.dll
0x00007ff9cc840000 - 0x00007ff9cc952000 	C:\WINDOWS\SYSTEM32\WINHTTP.dll
0x00007ff9d17d0000 - 0x00007ff9d1839000 	C:\WINDOWS\system32\mswsock.dll
0x00007ff9c7510000 - 0x00007ff9c7522000 	C:\Users\gudhe\.p2\pool\plugins\org.eclipse.justj.openjdk.hotspot.jre.full.win32.x86_64_15.0.2.v20210201-0955\jre\bin\nio.dll
0x00007ff9c9970000 - 0x00007ff9c9980000 	C:\Users\gudhe\.p2\pool\plugins\org.eclipse.justj.openjdk.hotspot.jre.full.win32.x86_64_15.0.2.v20210201-0955\jre\bin\verify.dll
0x00007ff9d1a20000 - 0x00007ff9d1a38000 	C:\WINDOWS\SYSTEM32\CRYPTSP.dll
0x00007ff9d12f0000 - 0x00007ff9d1325000 	C:\WINDOWS\system32\rsaenh.dll
0x00007ff9d18d0000 - 0x00007ff9d18f9000 	C:\WINDOWS\SYSTEM32\USERENV.dll
0x00007ff9d1bb0000 - 0x00007ff9d1bd8000 	C:\WINDOWS\SYSTEM32\bcrypt.dll
0x00007ff9d1a40000 - 0x00007ff9d1a4c000 	C:\WINDOWS\SYSTEM32\CRYPTBASE.dll
0x00007ff9d0e90000 - 0x00007ff9d0ebd000 	C:\WINDOWS\SYSTEM32\IPHLPAPI.DLL
0x00007ff9d3e10000 - 0x00007ff9d3e19000 	C:\WINDOWS\System32\NSI.dll
0x00007ff9cc630000 - 0x00007ff9cc649000 	C:\WINDOWS\SYSTEM32\dhcpcsvc6.DLL
0x00007ff9cc610000 - 0x00007ff9cc62e000 	C:\WINDOWS\SYSTEM32\dhcpcsvc.DLL
0x00007ff9d0ec0000 - 0x00007ff9d0fb8000 	C:\WINDOWS\SYSTEM32\DNSAPI.dll
0x00007ff9cebd0000 - 0x00007ff9cebda000 	C:\Users\gudhe\AppData\Local\Temp\jansi-1.17.1-8849562658967582201.dll
0x00007ff9ceaf0000 - 0x00007ff9ceafa000 	C:\Users\gudhe\AppData\Local\Temp\jansi-1.17.1-15447942737728386810.dll

dbghelp: loaded successfully - version: 4.0.5 - missing functions: none
symbol engine: initialized successfully - sym options: 0x614 - pdb path: .;C:\Users\gudhe\.p2\pool\plugins\org.eclipse.justj.openjdk.hotspot.jre.full.win32.x86_64_15.0.2.v20210201-0955\jre\bin;C:\WINDOWS\SYSTEM32;C:\WINDOWS\WinSxS\amd64_microsoft.windows.common-controls_6595b64144ccf1df_6.0.22509.1000_none_29b70e2e3eb1b74f;C:\Users\gudhe\.p2\pool\plugins\org.eclipse.justj.openjdk.hotspot.jre.full.win32.x86_64_15.0.2.v20210201-0955\jre\bin\server;C:\Users\gudhe\AppData\Local\Temp

VM Arguments:
jvm_args: -Dmaven.home=EMBEDDED -Dclassworlds.conf=C:\Users\gudhe\projects\.metadata\.plugins\org.eclipse.m2e.launching\launches\m2conf9225157700379681734.tmp -Dmaven.multiModuleProjectDirectory=C:\Users\gudhe\git\WeatherAPI -Dfile.encoding=Cp1252 -XX:+ShowCodeDetailsInExceptionMessages 
java_command: org.codehaus.plexus.classworlds.launcher.Launcher -B spring-boot:run
java_class_path (initial): C:\Users\gudhe\.p2\pool\plugins\org.eclipse.m2e.maven.runtime_1.16.0.20200610-1735\jars\plexus-classworlds-2.6.0.jar
Launcher Type: SUN_STANDARD

[Global flags]
     intx CICompilerCount                          = 4                                         {product} {ergonomic}
     uint ConcGCThreads                            = 2                                         {product} {ergonomic}
     uint G1ConcRefinementThreads                  = 8                                         {product} {ergonomic}
   size_t G1HeapRegionSize                         = 1048576                                   {product} {ergonomic}
    uintx GCDrainStackTargetSize                   = 64                                        {product} {ergonomic}
   size_t InitialHeapSize                          = 134217728                                 {product} {ergonomic}
   size_t MarkStackSize                            = 4194304                                   {product} {ergonomic}
   size_t MaxHeapSize                              = 2118123520                                {product} {ergonomic}
   size_t MaxNewSize                               = 1270874112                                {product} {ergonomic}
   size_t MinHeapDeltaBytes                        = 1048576                                   {product} {ergonomic}
   size_t MinHeapSize                              = 8388608                                   {product} {ergonomic}
    uintx NonNMethodCodeHeapSize                   = 5839372                                {pd product} {ergonomic}
    uintx NonProfiledCodeHeapSize                  = 122909434                              {pd product} {ergonomic}
    uintx ProfiledCodeHeapSize                     = 122909434                              {pd product} {ergonomic}
    uintx ReservedCodeCacheSize                    = 251658240                              {pd product} {ergonomic}
     bool SegmentedCodeCache                       = true                                      {product} {ergonomic}
     bool ShowCodeDetailsInExceptionMessages       = true                                   {manageable} {command line}
   size_t SoftMaxHeapSize                          = 2118123520                             {manageable} {ergonomic}
     bool UseCompressedClassPointers               = true                                 {lp64_product} {ergonomic}
     bool UseCompressedOops                        = true                                 {lp64_product} {ergonomic}
     bool UseG1GC                                  = true                                      {product} {ergonomic}
     bool UseLargePagesIndividualAllocation        = false                                  {pd product} {ergonomic}

Logging:
Log output configuration:
 #0: stdout all=warning uptime,level,tags
 #1: stderr all=off uptime,level,tags

Environment Variables:
PATH=C:/Users/gudhe/.p2/pool/plugins/org.eclipse.justj.openjdk.hotspot.jre.full.win32.x86_64_15.0.2.v20210201-0955/jre/bin/server;C:/Users/gudhe/.p2/pool/plugins/org.eclipse.justj.openjdk.hotspot.jre.full.win32.x86_64_15.0.2.v20210201-0955/jre/bin;C:\Program Files (x86)\Common Files\Oracle\Java\javapath;C:\WINDOWS\system32;C:\WINDOWS;C:\WINDOWS\System32\Wbem;C:\WINDOWS\System32\WindowsPowerShell\v1.0\;C:\WINDOWS\System32\OpenSSH\;C:\Program Files\Git\cmd;C:\Program Files\Git\bin\;C:\Program Files\Git\cmd\;C:\Users\gudhe\AppData\Local\Programs\Python\Python39;C:\Users\gudhe\AppData\Local\Programs\Python\Python39\Scripts;C:\Program Files\nodejs\;C:\Users\gudhe\AppData\Local\Android\Sdk\emulator;C:\Users\gudhe\AppData\Local\Android\Sdk\platform-tools;C:\Users\gudhe\AppData\Local\Android\Sdk;C:\Program Files\PuTTY\;C:\Program Files\MySQL\MySQL Shell 8.0\bin\;C:\Users\gudhe\AppData\Local\Microsoft\WindowsApps;;D:\vscode\Microsoft VS Code\bin;C:\Users\gudhe\AppData\Roaming\npm;D:\zenmap\Nmap;C:\Program Files\SDCC\bin;C:\WINDOWS\system32;
USERNAME=gudhe
OS=Windows_NT
PROCESSOR_IDENTIFIER=Intel64 Family 6 Model 142 Stepping 12, GenuineIntel



---------------  S Y S T E M  ---------------

OS:
 Windows 10 , 64 bit Build 22509 (10.0.22509.1000)
OS uptime: 0 days 19:52 hours

CPU: total 8 (initial active 8) (4 cores per cpu, 2 threads per core) family 6 model 142 stepping 12 microcode 0xea, cmov, cx8, fxsr, mmx, sse, sse2, sse3, ssse3, sse4.1, sse4.2, popcnt, vzeroupper, avx, avx2, aes, clmul, erms, 3dnowpref, lzcnt, ht, tsc, tscinvbit, bmi1, bmi2, adx, fma, clflush, clflushopt

Memory: 4k page, system-wide physical 8072M (559M free)
TotalPageFile size 9977M (AvailPageFile size 2M)
current process WorkingSet (physical memory assigned to process): 63M, peak: 63M
current process commit charge ("private bytes"): 221M, peak: 221M

vm_info: OpenJDK 64-Bit Server VM (15.0.2+7-27) for windows-amd64 JRE (15.0.2+7-27), built on Dec  7 2020 20:02:38 by "mach5one" with unknown MS VC++:1925

END.
